# JRE version: OpenJDK Runtime Environment (8.0_76-b03) (build 1.8.0_76-release-b03)
# Java VM: OpenJDK 64-Bit Server VM (25.76-b03 mixed mode windows-amd64 compressed oops)
Heap:
 PSYoungGen      total 302592K, used 141317K [0x00000000e0000000, 0x00000000f4880000, 0x0000000100000000)
  eden space 270848K, 52% used [0x00000000e0000000,0x00000000e8a01420,0x00000000f0880000)
  from space 31744K, 0% used [0x00000000f2980000,0x00000000f2980000,0x00000000f4880000)
  to   space 32768K, 0% used [0x00000000f0880000,0x00000000f0880000,0x00000000f2880000)
 ParOldGen       total 101376K, used 59800K [0x00000000a0000000, 0x00000000a6300000, 0x00000000e0000000)
  object space 101376K, 58% used [0x00000000a0000000,0x00000000a3a66290,0x00000000a6300000)
 Metaspace       used 64354K, capacity 67672K, committed 67880K, reserved 1107968K
  class space    used 8368K, capacity 8970K, committed 9008K, reserved 1048576K
GC Heap History (10 events):
Event: 97.967 GC heap before
{Heap before GC invocations=18 (full 3):
 PSYoungGen      total 223232K, used 215328K [0x00000000e0000000, 0x00000000ef500000, 0x0000000100000000)
  eden space 200704K, 100% used [0x00000000e0000000,0x00000000ec400000,0x00000000ec400000)
  from space 22528K, 64% used [0x00000000edf00000,0x00000000eed48158,0x00000000ef500000)
  to   space 25088K, 0% used [0x00000000ec400000,0x00000000ec400000,0x00000000edc80000)
 ParOldGen       total 101376K, used 55032K [0x00000000a0000000, 0x00000000a6300000, 0x00000000e0000000)
  object space 101376K, 54% used [0x00000000a0000000,0x00000000a35be380,0x00000000a6300000)
 Metaspace       used 62623K, capacity 65440K, committed 65576K, reserved 1105920K
  class space    used 8203K, capacity 8747K, committed 8752K, reserved 1048576K
Event: 98.000 GC heap after
Heap after GC invocations=18 (full 3):
 PSYoungGen      total 225792K, used 22539K [0x00000000e0000000, 0x00000000f1e00000, 0x0000000100000000)
  eden space 200704K, 0% used [0x00000000e0000000,0x00000000e0000000,0x00000000ec400000)
  from space 25088K, 89% used [0x00000000ec400000,0x00000000eda02c98,0x00000000edc80000)
  to   space 27648K, 0% used [0x00000000f0300000,0x00000000f0300000,0x00000000f1e00000)
 ParOldGen       total 101376K, used 55040K [0x00000000a0000000, 0x00000000a6300000, 0x00000000e0000000)
  object space 101376K, 54% used [0x00000000a0000000,0x00000000a35c0380,0x00000000a6300000)
 Metaspace       used 62623K, capacity 65440K, committed 65576K, reserved 1105920K
  class space    used 8203K, capacity 8747K, committed 8752K, reserved 1048576K
}
Event: 114.745 GC heap before
{Heap before GC invocations=19 (full 3):
 PSYoungGen      total 225792K, used 223243K [0x00000000e0000000, 0x00000000f1e00000, 0x0000000100000000)
  eden space 200704K, 100% used [0x00000000e0000000,0x00000000ec400000,0x00000000ec400000)
  from space 25088K, 89% used [0x00000000ec400000,0x00000000eda02c98,0x00000000edc80000)
  to   space 27648K, 0% used [0x00000000f0300000,0x00000000f0300000,0x00000000f1e00000)
 ParOldGen       total 101376K, used 55040K [0x00000000a0000000, 0x00000000a6300000, 0x00000000e0000000)
  object space 101376K, 54% used [0x00000000a0000000,0x00000000a35c0380,0x00000000a6300000)
 Metaspace       used 62963K, capacity 65780K, committed 65960K, reserved 1105920K
  class space    used 8212K, capacity 8761K, committed 8880K, reserved 1048576K
Event: 114.997 GC heap after
Heap after GC invocations=19 (full 3):
 PSYoungGen      total 258560K, used 27639K [0x00000000e0000000, 0x00000000f2f80000, 0x0000000100000000)
  eden space 230912K, 0% used [0x00000000e0000000,0x00000000e0000000,0x00000000ee180000)
  from space 27648K, 99% used [0x00000000f0300000,0x00000000f1dfdea0,0x00000000f1e00000)
  to   space 34304K, 0% used [0x00000000ee180000,0x00000000ee180000,0x00000000f0300000)
 ParOldGen       total 101376K, used 62691K [0x00000000a0000000, 0x00000000a6300000, 0x00000000e0000000)
  object space 101376K, 61% used [0x00000000a0000000,0x00000000a3d38ec0,0x00000000a6300000)
 Metaspace       used 62963K, capacity 65780K, committed 65960K, reserved 1105920K
  class space    used 8212K, capacity 8761K, committed 8880K, reserved 1048576K
}
Event: 161.876 GC heap before
{Heap before GC invocations=20 (full 3):
 PSYoungGen      total 258560K, used 258551K [0x00000000e0000000, 0x00000000f2f80000, 0x0000000100000000)
  eden space 230912K, 100% used [0x00000000e0000000,0x00000000ee180000,0x00000000ee180000)
  from space 27648K, 99% used [0x00000000f0300000,0x00000000f1dfdea0,0x00000000f1e00000)
  to   space 34304K, 0% used [0x00000000ee180000,0x00000000ee180000,0x00000000f0300000)
 ParOldGen       total 101376K, used 62691K [0x00000000a0000000, 0x00000000a6300000, 0x00000000e0000000)
  object space 101376K, 61% used [0x00000000a0000000,0x00000000a3d38ec0,0x00000000a6300000)
 Metaspace       used 63353K, capacity 66366K, committed 66472K, reserved 1107968K
  class space    used 8250K, capacity 8801K, committed 8880K, reserved 1048576K
Event: 161.934 GC heap after
Heap after GC invocations=20 (full 3):
 PSYoungGen      total 265216K, used 9056K [0x00000000e0000000, 0x00000000f4a80000, 0x0000000100000000)
  eden space 230912K, 0% used [0x00000000e0000000,0x00000000e0000000,0x00000000ee180000)
  from space 34304K, 26% used [0x00000000ee180000,0x00000000eea58000,0x00000000f0300000)
  to   space 33792K, 0% used [0x00000000f2980000,0x00000000f2980000,0x00000000f4a80000)
 ParOldGen       total 101376K, used 72998K [0x00000000a0000000, 0x00000000a6300000, 0x00000000e0000000)
  object space 101376K, 72% used [0x00000000a0000000,0x00000000a47498c8,0x00000000a6300000)
 Metaspace       used 63353K, capacity 66366K, committed 66472K, reserved 1107968K
  class space    used 8250K, capacity 8801K, committed 8880K, reserved 1048576K
}
Event: 165.197 GC heap before
{Heap before GC invocations=21 (full 3):
 PSYoungGen      total 265216K, used 121526K [0x00000000e0000000, 0x00000000f4a80000, 0x0000000100000000)
  eden space 230912K, 48% used [0x00000000e0000000,0x00000000e6dd59f0,0x00000000ee180000)
  from space 34304K, 26% used [0x00000000ee180000,0x00000000eea58000,0x00000000f0300000)
  to   space 33792K, 0% used [0x00000000f2980000,0x00000000f2980000,0x00000000f4a80000)
 ParOldGen       total 101376K, used 72998K [0x00000000a0000000, 0x00000000a6300000, 0x00000000e0000000)
  object space 101376K, 72% used [0x00000000a0000000,0x00000000a47498c8,0x00000000a6300000)
 Metaspace       used 63785K, capacity 66990K, committed 67112K, reserved 1107968K
  class space    used 8296K, capacity 8899K, committed 9008K, reserved 1048576K
Event: 165.241 GC heap after
Heap after GC invocations=21 (full 3):
 PSYoungGen      total 302592K, used 8064K [0x00000000e0000000, 0x00000000f4880000, 0x0000000100000000)
  eden space 270848K, 0% used [0x00000000e0000000,0x00000000e0000000,0x00000000f0880000)
  from space 31744K, 25% used [0x00000000f2980000,0x00000000f3160040,0x00000000f4880000)
  to   space 32768K, 0% used [0x00000000f0880000,0x00000000f0880000,0x00000000f2880000)
 ParOldGen       total 101376K, used 73006K [0x00000000a0000000, 0x00000000a6300000, 0x00000000e0000000)
  object space 101376K, 72% used [0x00000000a0000000,0x00000000a474b8c8,0x00000000a6300000)
 Metaspace       used 63785K, capacity 66990K, committed 67112K, reserved 1107968K
  class space    used 8296K, capacity 8899K, committed 9008K, reserved 1048576K
}
Event: 165.241 GC heap before
{Heap before GC invocations=22 (full 4):
 PSYoungGen      total 302592K, used 8064K [0x00000000e0000000, 0x00000000f4880000, 0x0000000100000000)
  eden space 270848K, 0% used [0x00000000e0000000,0x00000000e0000000,0x00000000f0880000)
  from space 31744K, 25% used [0x00000000f2980000,0x00000000f3160040,0x00000000f4880000)
  to   space 32768K, 0% used [0x00000000f0880000,0x00000000f0880000,0x00000000f2880000)
 ParOldGen       total 101376K, used 73006K [0x00000000a0000000, 0x00000000a6300000, 0x00000000e0000000)
  object space 101376K, 72% used [0x00000000a0000000,0x00000000a474b8c8,0x00000000a6300000)
 Metaspace       used 63785K, capacity 66990K, committed 67112K, reserved 1107968K
  class space    used 8296K, capacity 8899K, committed 9008K, reserved 1048576K
Event: 166.510 GC heap after
Heap after GC invocations=22 (full 4):
 PSYoungGen      total 302592K, used 0K [0x00000000e0000000, 0x00000000f4880000, 0x0000000100000000)
  eden space 270848K, 0% used [0x00000000e0000000,0x00000000e0000000,0x00000000f0880000)
  from space 31744K, 0% used [0x00000000f2980000,0x00000000f2980000,0x00000000f4880000)
  to   space 32768K, 0% used [0x00000000f0880000,0x00000000f0880000,0x00000000f2880000)
 ParOldGen       total 101376K, used 59800K [0x00000000a0000000, 0x00000000a6300000, 0x00000000e0000000)
  object space 101376K, 58% used [0x00000000a0000000,0x00000000a3a66290,0x00000000a6300000)
 Metaspace       used 63756K, capacity 66896K, committed 67112K, reserved 1107968K
  class space    used 8288K, capacity 8890K, committed 9008K, reserved 1048576K
}

